<?xml version="1.0" encoding="UTF-8"?>
<!-- Generated by org.testng.reporters.JUnitReportReporter -->
<testsuite hostname="DESKTOP-FDDB765" failures="0" tests="3" name="demo1.DemoTest" time="4.202" errors="0" timestamp="2025-08-30T21:41:06 IST" skipped="0">
  <testcase classname="demo1.DemoTest" name="fun1" time="3.699"/>
  <testcase classname="demo1.DemoTest" name="fun2" time="0.067"/>
  <testcase classname="demo1.DemoTest" name="fun3" time="0.436"/>
</testsuite> <!-- demo1.DemoTest -->
