<?xml version="1.0" encoding="UTF-8"?>
<!-- Generated by org.testng.reporters.JUnitReportReporter -->
<testsuite hostname="DESKTOP-FDDB765" failures="0" tests="4" name="apiRequestLearning.GroupingTest" time="0.349" errors="0" timestamp="2025-09-04T23:06:04 IST" skipped="0">
  <testcase classname="apiRequestLearning.GroupingTest" name="test1" time="0.311"/>
  <testcase classname="apiRequestLearning.GroupingTest" name="test3" time="0.014"/>
  <testcase classname="apiRequestLearning.GroupingTest" name="test5" time="0.014"/>
  <testcase classname="apiRequestLearning.GroupingTest" name="test7" time="0.010"/>
</testsuite> <!-- apiRequestLearning.GroupingTest -->
