<?xml version="1.0" encoding="UTF-8"?>
<!-- Generated by org.testng.reporters.JUnitReportReporter -->
<testsuite hostname="DESKTOP-FDDB765" failures="0" tests="2" name="demo1.Test2" time="0.020" errors="0" timestamp="2025-09-04T23:16:10 IST" skipped="0">
  <testcase classname="demo1.Test2" name="f" time="0.016"/>
  <testcase classname="demo1.Test2" name="g" time="0.004"/>
</testsuite> <!-- demo1.Test2 -->
