<?xml version="1.0" encoding="UTF-8"?>
<!-- Generated by org.testng.reporters.JUnitReportReporter -->
<testsuite hostname="DESKTOP-FDDB765" failures="0" tests="3" name="demo1.DemoTest" time="5.685" errors="0" timestamp="2025-08-26T23:57:35 IST" skipped="0">
  <testcase classname="demo1.DemoTest" name="fun1" time="4.461"/>
  <testcase classname="demo1.DemoTest" name="fun2" time="0.073"/>
  <testcase classname="demo1.DemoTest" name="fun3" time="1.151"/>
</testsuite> <!-- demo1.DemoTest -->
