<?xml version="1.0" encoding="UTF-8"?>
<!-- Generated by org.testng.reporters.JUnitReportReporter -->
<testsuite hostname="DESKTOP-FDDB765" failures="0" tests="2" name="demo1.Test2" time="0.023" errors="0" timestamp="2025-09-02T21:50:57 IST" skipped="0">
  <testcase classname="demo1.Test2" name="g" time="0.008"/>
  <testcase classname="demo1.Test2" name="f" time="0.015"/>
</testsuite> <!-- demo1.Test2 -->
