<?xml version="1.0" encoding="UTF-8"?>
<!-- Generated by org.testng.reporters.JUnitReportReporter -->
<testsuite hostname="DESKTOP-FDDB765" failures="0" tests="3" name="demo1.DemoTest" time="6.104" errors="0" timestamp="2025-09-04T23:16:10 IST" skipped="0">
  <testcase classname="demo1.DemoTest" name="fun1" time="5.796"/>
  <testcase classname="demo1.DemoTest" name="fun2" time="0.060"/>
  <testcase classname="demo1.DemoTest" name="fun3" time="0.248"/>
</testsuite> <!-- demo1.DemoTest -->
