<?xml version="1.0" encoding="UTF-8"?>
<!-- Generated by org.testng.reporters.JUnitReportReporter -->
<testsuite hostname="DESKTOP-FDDB765" failures="0" tests="2" name="demo1.Test2" time="0.016" errors="0" timestamp="2025-08-27T00:05:59 IST" skipped="0">
  <testcase classname="demo1.Test2" name="g" time="0.002"/>
  <testcase classname="demo1.Test2" name="f" time="0.014"/>
</testsuite> <!-- demo1.Test2 -->
