<?xml version="1.0" encoding="UTF-8"?>
<!-- Generated by org.testng.reporters.JUnitReportReporter -->
<testsuite hostname="DESKTOP-FDDB765" failures="0" tests="9" name="apiRequestLearning.FinalRequestPrep" time="0.047" errors="0" timestamp="2025-09-02T21:50:57 IST" skipped="0">
  <testcase classname="apiRequestLearning.FinalRequestPrep" name="test1" time="0.006"/>
  <testcase classname="apiRequestLearning.FinalRequestPrep" name="test2" time="0.004"/>
  <testcase classname="apiRequestLearning.FinalRequestPrep" name="test3" time="0.007"/>
  <testcase classname="apiRequestLearning.FinalRequestPrep" name="test4" time="0.003"/>
  <testcase classname="apiRequestLearning.FinalRequestPrep" name="test5" time="0.004"/>
  <testcase classname="apiRequestLearning.FinalRequestPrep" name="test6" time="0.006"/>
  <testcase classname="apiRequestLearning.FinalRequestPrep" name="test7" time="0.005"/>
  <testcase classname="apiRequestLearning.FinalRequestPrep" name="test8" time="0.005"/>
  <testcase classname="apiRequestLearning.FinalRequestPrep" name="test9" time="0.007"/>
</testsuite> <!-- apiRequestLearning.FinalRequestPrep -->
