<?xml version="1.0" encoding="UTF-8"?>
<!-- Generated by org.testng.reporters.JUnitReportReporter -->
<testsuite hostname="DESKTOP-FDDB765" failures="0" tests="3" name="demo1.DemoTest" time="4.587" errors="0" timestamp="2025-09-02T21:50:57 IST" skipped="0">
  <testcase classname="demo1.DemoTest" name="fun1" time="4.303"/>
  <testcase classname="demo1.DemoTest" name="fun2" time="0.071"/>
  <testcase classname="demo1.DemoTest" name="fun3" time="0.213"/>
</testsuite> <!-- demo1.DemoTest -->
