<?xml version="1.0" encoding="UTF-8"?>
<!-- Generated by org.testng.reporters.JUnitReportReporter -->
<testsuite hostname="DESKTOP-FDDB765" failures="0" tests="1" name="demo2.Test2" time="4.792" errors="0" timestamp="2025-08-30T21:47:47 IST" skipped="0">
  <testcase classname="demo2.Test2" name="fun" time="4.792"/>
</testsuite> <!-- demo2.Test2 -->
