<?xml version="1.0" encoding="UTF-8"?>
<!-- Generated by org.testng.reporters.JUnitReportReporter -->
<testsuite hostname="DESKTOP-FDDB765" failures="0" tests="2" name="demo1.DemoTest" time="4.802" errors="0" timestamp="2025-08-26T21:55:06 IST" skipped="0">
  <testcase classname="demo1.DemoTest" name="fun1" time="4.738"/>
  <testcase classname="demo1.DemoTest" name="fin2" time="0.064"/>
</testsuite> <!-- demo1.DemoTest -->
