<?xml version="1.0" encoding="UTF-8"?>
<!-- Generated by org.testng.reporters.JUnitReportReporter -->
<testsuite hostname="DESKTOP-FDDB765" failures="0" tests="3" name="demo1.DemoTest" time="4.596" errors="0" timestamp="2025-08-30T22:01:02 IST" skipped="0">
  <testcase classname="demo1.DemoTest" name="fun1" time="3.950"/>
  <testcase classname="demo1.DemoTest" name="fun2" time="0.047"/>
  <testcase classname="demo1.DemoTest" name="fun3" time="0.599"/>
</testsuite> <!-- demo1.DemoTest -->
