<?xml version="1.0" encoding="UTF-8"?>
<!-- Generated by org.testng.reporters.JUnitReportReporter -->
<testsuite hostname="DESKTOP-FDDB765" failures="0" tests="2" name="demo1.Test2" time="0.039" errors="0" timestamp="2025-08-27T20:14:20 IST" skipped="0">
  <testcase classname="demo1.Test2" name="f" time="0.036"/>
  <testcase classname="demo1.Test2" name="g" time="0.003"/>
</testsuite> <!-- demo1.Test2 -->
