<?xml version="1.0" encoding="UTF-8"?>
<!-- Generated by org.testng.reporters.JUnitReportReporter -->
<testsuite hostname="DESKTOP-FDDB765" failures="0" tests="3" name="demo1.DemoTest" time="6.140" errors="0" timestamp="2025-08-28T22:02:00 IST" skipped="0">
  <testcase classname="demo1.DemoTest" name="fun1" time="5.380"/>
  <testcase classname="demo1.DemoTest" name="fun2" time="0.118"/>
  <testcase classname="demo1.DemoTest" name="fun3" time="0.642"/>
</testsuite> <!-- demo1.DemoTest -->
