<?xml version="1.0" encoding="UTF-8"?>
<!-- Generated by org.testng.reporters.JUnitReportReporter -->
<testsuite hostname="DESKTOP-FDDB765" failures="0" tests="3" name="demo1.DemoTest" time="5.250" errors="0" timestamp="2025-09-02T21:51:34 IST" skipped="0">
  <testcase classname="demo1.DemoTest" name="fun1" time="4.705"/>
  <testcase classname="demo1.DemoTest" name="fun2" time="0.126"/>
  <testcase classname="demo1.DemoTest" name="fun3" time="0.419"/>
</testsuite> <!-- demo1.DemoTest -->
