<?xml version="1.0" encoding="UTF-8"?>
<!-- Generated by org.testng.reporters.JUnitReportReporter -->
<testsuite hostname="DESKTOP-FDDB765" failures="0" tests="3" name="demo1.DemoTest" time="7.412" errors="0" timestamp="2025-09-04T23:16:56 IST" skipped="0">
  <testcase classname="demo1.DemoTest" name="fun1" time="4.365"/>
  <testcase classname="demo1.DemoTest" name="fun2" time="0.103"/>
  <testcase classname="demo1.DemoTest" name="fun3" time="2.944"/>
</testsuite> <!-- demo1.DemoTest -->
