<?xml version="1.0" encoding="UTF-8"?>
<!-- Generated by org.testng.reporters.JUnitReportReporter -->
<testsuite hostname="DESKTOP-FDDB765" failures="0" tests="1" name="demo2.Test2" time="9.047" errors="0" timestamp="2025-09-04T23:16:56 IST" skipped="0">
  <testcase classname="demo2.Test2" name="fun" time="9.047"/>
</testsuite> <!-- demo2.Test2 -->
