<?xml version="1.0" encoding="UTF-8"?>
<!-- Generated by org.testng.reporters.JUnitReportReporter -->
<testsuite hostname="DESKTOP-FDDB765" failures="0" tests="1" name="demo2.Test2" time="4.338" errors="0" timestamp="2025-09-02T21:51:34 IST" skipped="0">
  <testcase classname="demo2.Test2" name="fun" time="4.338"/>
</testsuite> <!-- demo2.Test2 -->
