<?xml version="1.0" encoding="UTF-8"?>
<!-- Generated by org.testng.reporters.JUnitReportReporter -->
<testsuite hostname="DESKTOP-FDDB765" failures="0" tests="1" name="demo2.Test2" time="5.694" errors="0" timestamp="2025-08-31T20:15:54 IST" skipped="0">
  <testcase classname="demo2.Test2" name="fun" time="5.694"/>
</testsuite> <!-- demo2.Test2 -->
