<?xml version="1.0" encoding="UTF-8"?>
<!-- Generated by org.testng.reporters.JUnitReportReporter -->
<testsuite hostname="DESKTOP-FDDB765" failures="0" tests="1" name="rest_api.ApiRequestBodyCreate" time="0.254" errors="0" timestamp="2025-08-31T20:15:54 IST" skipped="0">
  <testcase classname="rest_api.ApiRequestBodyCreate" name="f" time="0.254"/>
</testsuite> <!-- rest_api.ApiRequestBodyCreate -->
