<?xml version="1.0" encoding="UTF-8"?>
<!-- Generated by org.testng.reporters.JUnitReportReporter -->
<testsuite hostname="DESKTOP-FDDB765" failures="0" tests="1" name="api_requestBodyPreparation.ArrayRequestBodyCreate" time="0.010" errors="0" timestamp="2025-09-02T21:51:34 IST" skipped="0">
  <testcase classname="api_requestBodyPreparation.ArrayRequestBodyCreate" name="f" time="0.010"/>
</testsuite> <!-- api_requestBodyPreparation.ArrayRequestBodyCreate -->
