<?xml version="1.0" encoding="UTF-8"?>
<!-- Generated by org.testng.reporters.JUnitReportReporter -->
<testsuite hostname="DESKTOP-FDDB765" failures="0" tests="3" name="demo1.DemoTest" time="5.107" errors="0" timestamp="2025-08-31T20:15:54 IST" skipped="0">
  <testcase classname="demo1.DemoTest" name="fun1" time="4.383"/>
  <testcase classname="demo1.DemoTest" name="fun2" time="0.056"/>
  <testcase classname="demo1.DemoTest" name="fun3" time="0.668"/>
</testsuite> <!-- demo1.DemoTest -->
