<?xml version="1.0" encoding="UTF-8"?>
<!-- Generated by org.testng.reporters.JUnitReportReporter -->
<testsuite hostname="DESKTOP-FDDB765" failures="0" tests="3" name="demo1.DemoTest" time="12.068" errors="0" timestamp="2025-08-28T21:11:46 IST" skipped="0">
  <testcase classname="demo1.DemoTest" name="fun1" time="10.280"/>
  <testcase classname="demo1.DemoTest" name="fun2" time="0.051"/>
  <testcase classname="demo1.DemoTest" name="fun3" time="1.737"/>
</testsuite> <!-- demo1.DemoTest -->
