<?xml version="1.0" encoding="UTF-8"?>
<!-- Generated by org.testng.reporters.JUnitReportReporter -->
<testsuite hostname="DESKTOP-FDDB765" failures="0" tests="9" name="apiRequestLearning.GroupingTest" time="0.032" errors="0" timestamp="2025-09-04T23:16:56 IST" skipped="0">
  <testcase classname="apiRequestLearning.GroupingTest" name="test1" time="0.004"/>
  <testcase classname="apiRequestLearning.GroupingTest" name="test2" time="0.002"/>
  <testcase classname="apiRequestLearning.GroupingTest" name="test3" time="0.002"/>
  <testcase classname="apiRequestLearning.GroupingTest" name="test4" time="0.002"/>
  <testcase classname="apiRequestLearning.GroupingTest" name="test5" time="0.008"/>
  <testcase classname="apiRequestLearning.GroupingTest" name="test6" time="0.003"/>
  <testcase classname="apiRequestLearning.GroupingTest" name="test7" time="0.003"/>
  <testcase classname="apiRequestLearning.GroupingTest" name="test8" time="0.004"/>
  <testcase classname="apiRequestLearning.GroupingTest" name="test9" time="0.004"/>
</testsuite> <!-- apiRequestLearning.GroupingTest -->
