<?xml version="1.0" encoding="UTF-8"?>
<!-- Generated by org.testng.reporters.JUnitReportReporter -->
<testsuite hostname="DESKTOP-FDDB765" failures="0" tests="2" name="demo1.Test2" time="0.017" errors="0" timestamp="2025-08-30T21:31:22 IST" skipped="0">
  <testcase classname="demo1.Test2" name="g" time="0.007"/>
  <testcase classname="demo1.Test2" name="f" time="0.010"/>
</testsuite> <!-- demo1.Test2 -->
