<?xml version="1.0" encoding="UTF-8"?>
<!-- Generated by org.testng.reporters.JUnitReportReporter -->
<testsuite hostname="DESKTOP-FDDB765" failures="0" tests="4" name="apiRequestLearning.GroupingTest" time="0.376" errors="0" timestamp="2025-09-04T23:05:32 IST" skipped="0">
  <testcase classname="apiRequestLearning.GroupingTest" name="test1" time="0.329"/>
  <testcase classname="apiRequestLearning.GroupingTest" name="test3" time="0.011"/>
  <testcase classname="apiRequestLearning.GroupingTest" name="test5" time="0.016"/>
  <testcase classname="apiRequestLearning.GroupingTest" name="test7" time="0.020"/>
</testsuite> <!-- apiRequestLearning.GroupingTest -->
